0 info it worked if it ends with ok
1 verbose cli [ 'E:\\node.exe',
1 verbose cli   'E:\\node_modules\\npm\\bin\\npm-cli.js',
1 verbose cli   'start' ]
2 info using npm@3.10.10
3 info using node@v6.11.0
4 verbose run-script [ 'prestart', 'start', 'poststart' ]
5 info lifecycle hotelmanagement@0.0.0~prestart: hotelmanagement@0.0.0
6 silly lifecycle hotelmanagement@0.0.0~prestart: no script for prestart, continuing
7 info lifecycle hotelmanagement@0.0.0~start: hotelmanagement@0.0.0
8 verbose lifecycle hotelmanagement@0.0.0~start: unsafe-perm in lifecycle true
9 verbose lifecycle hotelmanagement@0.0.0~start: PATH: E:\node_modules\npm\bin\node-gyp-bin;C:\Users\kiat beng\angular-apps\hotelmanagement\node_modules\.bin;C:\ProgramData\Oracle\Java\javapath;C:\Program Files (x86)\Intel\iCLS Client\;C:\Program Files\Intel\iCLS Client\;C:\Windows\system32;C:\Windows;C:\Windows\System32\Wbem;C:\Windows\System32\WindowsPowerShell\v1.0\;C:\Program Files (x86)\Windows Live\Shared;C:\Program Files\Intel\Intel(R) Management Engine Components\DAL;C:\Program Files (x86)\Intel\Intel(R) Management Engine Components\DAL;C:\Program Files\Intel\Intel(R) Management Engine Components\IPT;C:\Program Files (x86)\Intel\Intel(R) Management Engine Components\IPT;C:\Program Files (x86)\Common Files\Acronis\SnapAPI\;C:\Program Files (x86)\Skype\Phone\;C:\Program Files (x86)\Common Files\Adobe\AGL;C:\Program Files (x86)\NVIDIA Corporation\PhysX\Common;C:\Program Files\Intel\WiFi\bin\;C:\Program Files\Common Files\Intel\WirelessCommon\;E:\;E:\Git\cmd;C:\Users\kiat beng\AppData\Roaming\npm;E:\Microsoft VS Code\bin
10 verbose lifecycle hotelmanagement@0.0.0~start: CWD: C:\Users\kiat beng\angular-apps\hotelmanagement
11 silly lifecycle hotelmanagement@0.0.0~start: Args: [ '/d /s /c', 'node ./bin/www' ]
12 silly lifecycle hotelmanagement@0.0.0~start: Returned: code: 1  signal: null
13 info lifecycle hotelmanagement@0.0.0~start: Failed to exec start script
14 verbose stack Error: hotelmanagement@0.0.0 start: `node ./bin/www`
14 verbose stack Exit status 1
14 verbose stack     at EventEmitter.<anonymous> (E:\node_modules\npm\lib\utils\lifecycle.js:255:16)
14 verbose stack     at emitTwo (events.js:106:13)
14 verbose stack     at EventEmitter.emit (events.js:191:7)
14 verbose stack     at ChildProcess.<anonymous> (E:\node_modules\npm\lib\utils\spawn.js:40:14)
14 verbose stack     at emitTwo (events.js:106:13)
14 verbose stack     at ChildProcess.emit (events.js:191:7)
14 verbose stack     at maybeClose (internal/child_process.js:891:16)
14 verbose stack     at Process.ChildProcess._handle.onexit (internal/child_process.js:226:5)
15 verbose pkgid hotelmanagement@0.0.0
16 verbose cwd C:\Users\kiat beng\angular-apps\hotelmanagement
17 error Windows_NT 6.3.9600
18 error argv "E:\\node.exe" "E:\\node_modules\\npm\\bin\\npm-cli.js" "start"
19 error node v6.11.0
20 error npm  v3.10.10
21 error code ELIFECYCLE
22 error hotelmanagement@0.0.0 start: `node ./bin/www`
22 error Exit status 1
23 error Failed at the hotelmanagement@0.0.0 start script 'node ./bin/www'.
23 error Make sure you have the latest version of node.js and npm installed.
23 error If you do, this is most likely a problem with the hotelmanagement package,
23 error not with npm itself.
23 error Tell the author that this fails on your system:
23 error     node ./bin/www
23 error You can get information on how to open an issue for this project with:
23 error     npm bugs hotelmanagement
23 error Or if that isn't available, you can get their info via:
23 error     npm owner ls hotelmanagement
23 error There is likely additional logging output above.
24 verbose exit [ 1, true ]
